<?xml version="1.0" encoding="utf-8"?>
<test-run id="2" testcasecount="1" result="Passed" total="1" passed="1" failed="0" inconclusive="0" skipped="0" asserts="0" engine-version="3.5.0.0" clr-version="4.0.30319.42000" start-time="2026-05-31 17:12:22Z" end-time="2026-05-31 17:12:26Z" duration="3,8871737">
  <test-suite type="TestSuite" id="1000" name="ember-crpg-unity" fullname="ember-crpg-unity" runstate="Runnable" testcasecount="1257" result="Passed" start-time="2026-05-31 17:12:22Z" end-time="2026-05-31 17:12:26Z" duration="3.887174" total="1" passed="1" failed="0" inconclusive="0" skipped="0" asserts="0">
    <properties>
      <property name="platform" value="EditMode" />
    </properties>
    <test-suite type="Assembly" id="2475" name="EmberCrpg.Tests.EditMode.dll" fullname="C:/Users/msbel/projects/alcyone-ember-rpg/Library/ScriptAssemblies/EmberCrpg.Tests.EditMode.dll" runstate="Runnable" testcasecount="1257" result="Passed" start-time="2026-05-31 17:12:22Z" end-time="2026-05-31 17:12:26Z" duration="3.864845" total="1" passed="1" failed="0" inconclusive="0" skipped="0" asserts="0">
      <properties>
        <property name="_PID" value="41476" />
        <property name="_APPDOMAIN" value="Unity Child Domain" />
        <property name="platform" value="EditMode" />
        <property name="EditorOnly" value="True" />
      </properties>
      <test-suite type="TestSuite" id="2476" name="EmberCrpg" fullname="EmberCrpg" runstate="Runnable" testcasecount="1257" result="Passed" start-time="2026-05-31 17:12:22Z" end-time="2026-05-31 17:12:26Z" duration="3.848468" total="1" passed="1" failed="0" inconclusive="0" skipped="0" asserts="0">
        <properties />
        <test-suite type="TestSuite" id="2477" name="Tests" fullname="EmberCrpg.Tests" runstate="Runnable" testcasecount="1257" result="Passed" start-time="2026-05-31 17:12:22Z" end-time="2026-05-31 17:12:26Z" duration="3.827198" total="1" passed="1" failed="0" inconclusive="0" skipped="0" asserts="0">
          <properties />
          <test-suite type="TestSuite" id="2478" name="EditMode" fullname="EmberCrpg.Tests.EditMode" runstate="Runnable" testcasecount="1257" result="Passed" start-time="2026-05-31 17:12:22Z" end-time="2026-05-31 17:12:26Z" duration="3.787805" total="1" passed="1" failed="0" inconclusive="0" skipped="0" asserts="0">
            <properties />
            <test-suite type="TestSuite" id="2487" name="Playability" fullname="EmberCrpg.Tests.EditMode.Playability" runstate="Runnable" testcasecount="11" result="Passed" start-time="2026-05-31 17:12:22Z" end-time="2026-05-31 17:12:26Z" duration="3.776358" total="1" passed="1" failed="0" inconclusive="0" skipped="0" asserts="0">
              <properties />
              <test-suite type="TestFixture" id="1563" name="RouteAndSceneRescueTests" fullname="EmberCrpg.Tests.EditMode.Playability.RouteAndSceneRescueTests" classname="EmberCrpg.Tests.EditMode.Playability.RouteAndSceneRescueTests" runstate="Runnable" testcasecount="7" result="Passed" start-time="2026-05-31 17:12:22Z" end-time="2026-05-31 17:12:26Z" duration="3.774901" total="1" passed="1" failed="0" inconclusive="0" skipped="0" asserts="0">
                <properties />
                <test-case id="1573" name="EmberScenePortals_TargetEnabledBuildScenes" fullname="EmberCrpg.Tests.EditMode.Playability.RouteAndSceneRescueTests.EmberScenePortals_TargetEnabledBuildScenes" methodname="EmberScenePortals_TargetEnabledBuildScenes" classname="EmberCrpg.Tests.EditMode.Playability.RouteAndSceneRescueTests" runstate="Runnable" seed="730824601" result="Passed" start-time="2026-05-31 17:12:22Z" end-time="2026-05-31 17:12:26Z" duration="3.759965" asserts="0">
                  <properties>
                    <property name="retryIteration" value="0" />
                    <property name="repeatIteration" value="0" />
                  </properties>
                  <output><![CDATA[Saving results to: C:/Users/msbel/AppData/LocalLow/DefaultCompany/ember-crpg-unity\TestResults.xml
]]></output>
                </test-case>
              </test-suite>
            </test-suite>
          </test-suite>
        </test-suite>
      </test-suite>
    </test-suite>
  </test-suite>
</test-run>