<?xml version="1.0" encoding="utf-8"?>
<test-run id="2" testcasecount="8" result="Passed" total="8" passed="8" failed="0" inconclusive="0" skipped="0" asserts="0" engine-version="3.5.0.0" clr-version="4.0.30319.42000" start-time="2026-05-25 13:21:34Z" end-time="2026-05-25 13:22:02Z" duration="28,4878819">
  <test-suite type="TestSuite" id="1025" name="ember-crpg-unity" fullname="ember-crpg-unity" runstate="Runnable" testcasecount="8" result="Passed" start-time="2026-05-25 13:21:34Z" end-time="2026-05-25 13:22:02Z" duration="28.487882" total="8" passed="8" failed="0" inconclusive="0" skipped="0" asserts="0">
    <properties>
      <property name="platform" value="PlayMode" />
    </properties>
    <test-suite type="Assembly" id="1014" name="EmberCrpg.Tests.PlayMode.dll" fullname="C:/Users/msbel/projects/alcyone-ember-rpg/Library/ScriptAssemblies/EmberCrpg.Tests.PlayMode.dll" runstate="Runnable" testcasecount="8" result="Passed" start-time="2026-05-25 13:21:34Z" end-time="2026-05-25 13:22:02Z" duration="28.478067" total="8" passed="8" failed="0" inconclusive="0" skipped="0" asserts="0">
      <properties>
        <property name="_PID" value="39940" />
        <property name="_APPDOMAIN" value="Unity Child Domain" />
        <property name="platform" value="PlayMode" />
        <property name="EditorOnly" value="False" />
      </properties>
      <test-suite type="TestSuite" id="1015" name="EmberCrpg" fullname="EmberCrpg" runstate="Runnable" testcasecount="8" result="Passed" start-time="2026-05-25 13:21:34Z" end-time="2026-05-25 13:22:02Z" duration="28.477275" total="8" passed="8" failed="0" inconclusive="0" skipped="0" asserts="0">
        <properties />
        <test-suite type="TestSuite" id="1016" name="Tests" fullname="EmberCrpg.Tests" runstate="Runnable" testcasecount="8" result="Passed" start-time="2026-05-25 13:21:34Z" end-time="2026-05-25 13:22:02Z" duration="28.477075" total="8" passed="8" failed="0" inconclusive="0" skipped="0" asserts="0">
          <properties />
          <test-suite type="TestSuite" id="1017" name="PlayMode" fullname="EmberCrpg.Tests.PlayMode" runstate="Runnable" testcasecount="8" result="Passed" start-time="2026-05-25 13:21:34Z" end-time="2026-05-25 13:22:02Z" duration="28.476559" total="8" passed="8" failed="0" inconclusive="0" skipped="0" asserts="0">
            <properties />
            <test-suite type="TestSuite" id="1022" name="Boot" fullname="EmberCrpg.Tests.PlayMode.Boot" runstate="Runnable" testcasecount="1" result="Passed" start-time="2026-05-25 13:21:34Z" end-time="2026-05-25 13:21:36Z" duration="2.563847" total="1" passed="1" failed="0" inconclusive="0" skipped="0" asserts="0">
              <properties />
              <test-suite type="TestFixture" id="1012" name="BootSceneTest" fullname="EmberCrpg.Tests.PlayMode.Boot.BootSceneTest" classname="EmberCrpg.Tests.PlayMode.Boot.BootSceneTest" runstate="Runnable" testcasecount="1" result="Passed" start-time="2026-05-25 13:21:34Z" end-time="2026-05-25 13:21:36Z" duration="2.562585" total="1" passed="1" failed="0" inconclusive="0" skipped="0" asserts="0">
                <properties />
                <test-case id="1013" name="BootFlow_ContinuesAfterGenerationFailureAndRequestsMainMenu" fullname="EmberCrpg.Tests.PlayMode.Boot.BootSceneTest.BootFlow_ContinuesAfterGenerationFailureAndRequestsMainMenu" methodname="BootFlow_ContinuesAfterGenerationFailureAndRequestsMainMenu" classname="EmberCrpg.Tests.PlayMode.Boot.BootSceneTest" runstate="Runnable" seed="1191967486" result="Passed" start-time="2026-05-25 13:21:34Z" end-time="2026-05-25 13:21:36Z" duration="2.550388" asserts="0">
                  <properties>
                    <property name="retryIteration" value="0" />
                    <property name="repeatIteration" value="0" />
                  </properties>
                  <output><![CDATA[[LoadingScreen] Missing backdrop for area 'boot', using generic fallback.
]]></output>
                </test-case>
              </test-suite>
            </test-suite>
            <test-suite type="TestSuite" id="1021" name="CharacterCreation" fullname="EmberCrpg.Tests.PlayMode.CharacterCreation" runstate="Runnable" testcasecount="1" result="Passed" start-time="2026-05-25 13:21:36Z" end-time="2026-05-25 13:21:53Z" duration="16.158655" total="1" passed="1" failed="0" inconclusive="0" skipped="0" asserts="0">
              <properties />
              <test-suite type="TestFixture" id="1010" name="CharacterCreationFlowTest" fullname="EmberCrpg.Tests.PlayMode.CharacterCreation.CharacterCreationFlowTest" classname="EmberCrpg.Tests.PlayMode.CharacterCreation.CharacterCreationFlowTest" runstate="Runnable" testcasecount="1" result="Passed" start-time="2026-05-25 13:21:36Z" end-time="2026-05-25 13:21:53Z" duration="16.157861" total="1" passed="1" failed="0" inconclusive="0" skipped="0" asserts="0">
                <properties />
                <test-case id="1011" name="ControllerRunsImmersiveSixStepFlow" fullname="EmberCrpg.Tests.PlayMode.CharacterCreation.CharacterCreationFlowTest.ControllerRunsImmersiveSixStepFlow" methodname="ControllerRunsImmersiveSixStepFlow" classname="EmberCrpg.Tests.PlayMode.CharacterCreation.CharacterCreationFlowTest" runstate="Runnable" seed="822753734" result="Passed" start-time="2026-05-25 13:21:36Z" end-time="2026-05-25 13:21:53Z" duration="16.156307" asserts="0">
                  <properties>
                    <property name="retryIteration" value="0" />
                    <property name="repeatIteration" value="0" />
                  </properties>
                </test-case>
              </test-suite>
            </test-suite>
            <test-suite type="TestSuite" id="1020" name="Loading" fullname="EmberCrpg.Tests.PlayMode.Loading" runstate="Runnable" testcasecount="2" result="Passed" start-time="2026-05-25 13:21:53Z" end-time="2026-05-25 13:21:53Z" duration="0.711921" total="2" passed="2" failed="0" inconclusive="0" skipped="0" asserts="0">
              <properties />
              <test-suite type="TestFixture" id="1007" name="LoadingScreenApiContractTest" fullname="EmberCrpg.Tests.PlayMode.Loading.LoadingScreenApiContractTest" classname="EmberCrpg.Tests.PlayMode.Loading.LoadingScreenApiContractTest" runstate="Runnable" testcasecount="2" result="Passed" start-time="2026-05-25 13:21:53Z" end-time="2026-05-25 13:21:53Z" duration="0.711140" total="2" passed="2" failed="0" inconclusive="0" skipped="0" asserts="0">
                <properties />
                <test-case id="1009" name="LoadingLabel_EllipsisCycles" fullname="EmberCrpg.Tests.PlayMode.Loading.LoadingScreenApiContractTest.LoadingLabel_EllipsisCycles" methodname="LoadingLabel_EllipsisCycles" classname="EmberCrpg.Tests.PlayMode.Loading.LoadingScreenApiContractTest" runstate="Runnable" seed="1638665649" result="Passed" start-time="2026-05-25 13:21:53Z" end-time="2026-05-25 13:21:53Z" duration="0.356256" asserts="0">
                  <properties>
                    <property name="_JOINTYPE" value="UnityCombinatorial" />
                    <property name="retryIteration" value="0" />
                    <property name="repeatIteration" value="0" />
                  </properties>
                </test-case>
                <test-case id="1008" name="ShowUpdateThumbnailHide_RoundTripsAndReusesController" fullname="EmberCrpg.Tests.PlayMode.Loading.LoadingScreenApiContractTest.ShowUpdateThumbnailHide_RoundTripsAndReusesController" methodname="ShowUpdateThumbnailHide_RoundTripsAndReusesController" classname="EmberCrpg.Tests.PlayMode.Loading.LoadingScreenApiContractTest" runstate="Runnable" seed="90592196" result="Passed" start-time="2026-05-25 13:21:53Z" end-time="2026-05-25 13:21:53Z" duration="0.353959" asserts="0">
                  <properties>
                    <property name="_JOINTYPE" value="UnityCombinatorial" />
                    <property name="retryIteration" value="0" />
                    <property name="repeatIteration" value="0" />
                  </properties>
                  <output><![CDATA[[LoadingScreen] Missing backdrop for area 'ar1000', using generic fallback.
]]></output>
                </test-case>
              </test-suite>
            </test-suite>
            <test-suite type="TestSuite" id="1019" name="Playability" fullname="EmberCrpg.Tests.PlayMode.Playability" runstate="Runnable" testcasecount="2" result="Passed" start-time="2026-05-25 13:21:53Z" end-time="2026-05-25 13:22:02Z" duration="9.023640" total="2" passed="2" failed="0" inconclusive="0" skipped="0" asserts="0">
              <properties />
              <test-suite type="TestFixture" id="1004" name="CharacterCreationPlayableSceneTest" fullname="EmberCrpg.Tests.PlayMode.Playability.CharacterCreationPlayableSceneTest" classname="EmberCrpg.Tests.PlayMode.Playability.CharacterCreationPlayableSceneTest" runstate="Runnable" testcasecount="2" result="Passed" start-time="2026-05-25 13:21:53Z" end-time="2026-05-25 13:22:02Z" duration="9.023335" total="2" passed="2" failed="0" inconclusive="0" skipped="0" asserts="0">
                <properties />
                <test-case id="1005" name="CharacterCreationScene_HasCameraAndCanReachVisibleWorldgen" fullname="EmberCrpg.Tests.PlayMode.Playability.CharacterCreationPlayableSceneTest.CharacterCreationScene_HasCameraAndCanReachVisibleWorldgen" methodname="CharacterCreationScene_HasCameraAndCanReachVisibleWorldgen" classname="EmberCrpg.Tests.PlayMode.Playability.CharacterCreationPlayableSceneTest" runstate="Runnable" seed="1536795262" result="Passed" start-time="2026-05-25 13:21:53Z" end-time="2026-05-25 13:22:02Z" duration="9.016818" asserts="0">
                  <properties>
                    <property name="_JOINTYPE" value="UnityCombinatorial" />
                    <property name="retryIteration" value="0" />
                    <property name="repeatIteration" value="0" />
                  </properties>
                  <output><![CDATA[No Theme Style Sheet set to PanelSettings , UI will not render properly
[LoadingScreen] Missing backdrop for area 'worldgen', using generic fallback.
]]></output>
                </test-case>
                <test-case id="1006" name="PortraitJson_UsesInjectedLlmBeforeDeterministicFallback" fullname="EmberCrpg.Tests.PlayMode.Playability.CharacterCreationPlayableSceneTest.PortraitJson_UsesInjectedLlmBeforeDeterministicFallback" methodname="PortraitJson_UsesInjectedLlmBeforeDeterministicFallback" classname="EmberCrpg.Tests.PlayMode.Playability.CharacterCreationPlayableSceneTest" runstate="Runnable" seed="1679078142" result="Passed" start-time="2026-05-25 13:22:02Z" end-time="2026-05-25 13:22:02Z" duration="0.005757" asserts="0">
                  <properties>
                    <property name="retryIteration" value="0" />
                    <property name="repeatIteration" value="0" />
                  </properties>
                </test-case>
              </test-suite>
            </test-suite>
            <test-suite type="TestSuite" id="1018" name="Worldgen" fullname="EmberCrpg.Tests.PlayMode.Worldgen" runstate="Runnable" testcasecount="2" result="Passed" start-time="2026-05-25 13:22:02Z" end-time="2026-05-25 13:22:02Z" duration="0.018007" total="2" passed="2" failed="0" inconclusive="0" skipped="0" asserts="0">
              <properties />
              <test-suite type="TestFixture" id="1001" name="WorldgenViewVisibleTest" fullname="EmberCrpg.Tests.PlayMode.Worldgen.WorldgenViewVisibleTest" classname="EmberCrpg.Tests.PlayMode.Worldgen.WorldgenViewVisibleTest" runstate="Runnable" testcasecount="2" result="Passed" start-time="2026-05-25 13:22:02Z" end-time="2026-05-25 13:22:02Z" duration="0.007274" total="2" passed="2" failed="0" inconclusive="0" skipped="0" asserts="0">
                <properties />
                <test-case id="1002" name="ViewLogsEventsModalChoiceFailureAndCompletion" fullname="EmberCrpg.Tests.PlayMode.Worldgen.WorldgenViewVisibleTest.ViewLogsEventsModalChoiceFailureAndCompletion" methodname="ViewLogsEventsModalChoiceFailureAndCompletion" classname="EmberCrpg.Tests.PlayMode.Worldgen.WorldgenViewVisibleTest" runstate="Runnable" seed="826290340" result="Passed" start-time="2026-05-25 13:22:02Z" end-time="2026-05-25 13:22:02Z" duration="0.003283" asserts="0">
                  <properties>
                    <property name="retryIteration" value="0" />
                    <property name="repeatIteration" value="0" />
                  </properties>
                </test-case>
                <test-case id="1003" name="ViewProjectsGeneratedWorldAndAppendsFailureJsonLinesWhileContinuing" fullname="EmberCrpg.Tests.PlayMode.Worldgen.WorldgenViewVisibleTest.ViewProjectsGeneratedWorldAndAppendsFailureJsonLinesWhileContinuing" methodname="ViewProjectsGeneratedWorldAndAppendsFailureJsonLinesWhileContinuing" classname="EmberCrpg.Tests.PlayMode.Worldgen.WorldgenViewVisibleTest" runstate="Runnable" seed="1597183737" result="Passed" start-time="2026-05-25 13:22:02Z" end-time="2026-05-25 13:22:02Z" duration="0.002648" asserts="0">
                  <properties>
                    <property name="retryIteration" value="0" />
                    <property name="repeatIteration" value="0" />
                  </properties>
                  <output><![CDATA[Saving results to: C:/Users/msbel/AppData/LocalLow/DefaultCompany/ember-crpg-unity\TestResults.xml
]]></output>
                </test-case>
              </test-suite>
            </test-suite>
          </test-suite>
        </test-suite>
      </test-suite>
    </test-suite>
  </test-suite>
</test-run>